#
# There is insufficient memory for the Java Runtime Environment to continue.
# Native memory allocation (mmap) failed to map 82837504 bytes for committing reserved memory.
# Possible reasons:
#   The system is out of physical RAM or swap space
#   In 32 bit mode, the process size limit was hit
# Possible solutions:
#   Reduce memory load on the system
#   Increase physical memory or swap space
#   Check if swap backing store is full
#   Use 64 bit Java on a 64 bit OS
#   Decrease Java heap size (-Xmx/-Xms)
#   Decrease number of Java threads
#   Decrease Java thread stack sizes (-Xss)
#   Set larger code cache with -XX:ReservedCodeCacheSize=
# This output file may be truncated or incomplete.
#
#  Out of Memory Error (os_linux.cpp:2627), pid=3799, tid=0x00007fce6688d700
#
# JRE version: Java(TM) SE Runtime Environment (8.0_101-b13) (build 1.8.0_101-b13)
# Java VM: Java HotSpot(TM) 64-Bit Server VM (25.101-b13 mixed mode linux-amd64 compressed oops)
# Failed to write core dump. Core dumps have been disabled. To enable core dumping, try "ulimit -c unlimited" before starting Java again
#

---------------  T H R E A D  ---------------

Current thread (0x00007fce78073800):  VMThread [stack: 0x00007fce6678d000,0x00007fce6688e000] [id=3805]

Stack: [0x00007fce6678d000,0x00007fce6688e000],  sp=0x00007fce6688c080,  free space=1020k
Native frames: (J=compiled Java code, j=interpreted, Vv=VM code, C=native code)
V  [libjvm.so+0xac3f0a]  VMError::report_and_die()+0x2ba
V  [libjvm.so+0x4fbf9b]  report_vm_out_of_memory(char const*, int, unsigned long, VMErrorType, char const*)+0x8b
V  [libjvm.so+0x9222d3]  os::Linux::commit_memory_impl(char*, unsigned long, bool)+0x103
V  [libjvm.so+0x922829]  os::pd_commit_memory(char*, unsigned long, unsigned long, bool)+0x29
V  [libjvm.so+0x91cb2a]  os::commit_memory(char*, unsigned long, unsigned long, bool)+0x2a
V  [libjvm.so+0x991053]  PSVirtualSpace::expand_by(unsigned long)+0x53
V  [libjvm.so+0x992458]  PSYoungGen::resize_generation(unsigned long, unsigned long)+0xf8
V  [libjvm.so+0x9915b2]  PSYoungGen::resize(unsigned long, unsigned long)+0x22
V  [libjvm.so+0x98e88b]  PSScavenge::invoke_no_policy()+0xf3b
V  [libjvm.so+0x989b35]  PSParallelCompact::invoke(bool)+0x85
V  [libjvm.so+0x482ad4]  CollectedHeap::collect_as_vm_thread(GCCause::Cause)+0x114
V  [libjvm.so+0xac5381]  VM_CollectForMetadataAllocation::doit()+0x161
V  [libjvm.so+0xacd405]  VM_Operation::evaluate()+0x55
V  [libjvm.so+0xacb7da]  VMThread::evaluate_operation(VM_Operation*)+0xba
V  [libjvm.so+0xacbb5e]  VMThread::loop()+0x1ce
V  [libjvm.so+0xacbfd0]  VMThread::run()+0x70
V  [libjvm.so+0x924698]  java_start(Thread*)+0x108

VM_Operation (0x00007fce659c7ce0): CollectForMetadataAllocation, mode: safepoint, requested by thread 0x00007fce780b7000


---------------  P R O C E S S  ---------------

Java Threads: ( => current thread )
  0x00007fce7854d000 JavaThread "process reaper" daemon [_thread_blocked, id=3814, stack(0x00007fce6528e000,0x00007fce652c7000)]
  0x00007fce780c3800 JavaThread "Service Thread" daemon [_thread_blocked, id=3811, stack(0x00007fce657c8000,0x00007fce658c9000)]
  0x00007fce780b7000 JavaThread "C1 CompilerThread1" daemon [_thread_blocked, id=3810, stack(0x00007fce658c9000,0x00007fce659ca000)]
  0x00007fce780b4000 JavaThread "C2 CompilerThread0" daemon [_thread_blocked, id=3809, stack(0x00007fce659ca000,0x00007fce65acb000)]
  0x00007fce780b2800 JavaThread "Signal Dispatcher" daemon [_thread_blocked, id=3808, stack(0x00007fce65acb000,0x00007fce65bcc000)]
  0x00007fce7807f800 JavaThread "Finalizer" daemon [_thread_blocked, id=3807, stack(0x00007fce6658b000,0x00007fce6668c000)]
  0x00007fce7807b000 JavaThread "Reference Handler" daemon [_thread_blocked, id=3806, stack(0x00007fce6668c000,0x00007fce6678d000)]
  0x00007fce7800a000 JavaThread "main" [_thread_blocked, id=3802, stack(0x00007fce802db000,0x00007fce803dc000)]

Other Threads:
=>0x00007fce78073800 VMThread [stack: 0x00007fce6678d000,0x00007fce6688e000] [id=3805]
  0x00007fce780c6800 WatcherThread [stack: 0x00007fce656c7000,0x00007fce657c8000] [id=3812]

VM state:at safepoint (normal execution)

VM Mutex/Monitor currently owned by a thread:  ([mutex/lock_event])
[0x00007fce78006170] Threads_lock - owner thread: 0x00007fce78073800
[0x00007fce78006670] Heap_lock - owner thread: 0x00007fce780b7000
[0x00007fce78006bf0] MethodData_lock - owner thread: 0x00007fce780b7000

Heap:
 PSYoungGen      total 129536K, used 8183K [0x00000000ecf80000, 0x00000000f5780000, 0x0000000100000000)
  eden space 121344K, 0% used [0x00000000ecf80000,0x00000000ecf80000,0x00000000f4600000)
  from space 8192K, 99% used [0x00000000f4600000,0x00000000f4dfdf78,0x00000000f4e00000)
  to   space 6656K, 0% used [0x00000000f4e00000,0x00000000f4e00000,0x00000000f5480000)
 ParOldGen       total 39936K, used 19273K [0x00000000c6e00000, 0x00000000c9500000, 0x00000000ecf80000)
  object space 39936K, 48% used [0x00000000c6e00000,0x00000000c80d26d8,0x00000000c9500000)
 Metaspace       used 20519K, capacity 21166K, committed 21296K, reserved 1069056K
  class space    used 2435K, capacity 2632K, committed 2688K, reserved 1048576K

Card table byte_map: [0x00007fce7ceb5000,0x00007fce7d07f000] byte_map_base: 0x00007fce7c87e000

Marking Bits: (ParMarkBitMap*) 0x00007fce7f7a7120
 Begin Bits: [0x00007fce67370000, 0x00007fce681b8000)
 End Bits:   [0x00007fce681b8000, 0x00007fce69000000)

Polling page: 0x00007fce803f6000

CodeCache: size=245760Kb used=11688Kb max_used=11696Kb free=234071Kb
 bounds [0x00007fce69000000, 0x00007fce69b80000, 0x00007fce78000000]
 total_blobs=3727 nmethods=3354 adapters=287
 compilation: enabled

Compilation events (10 events):
Event: 22,625 Thread 0x00007fce780b7000 3648       3       java.lang.reflect.Constructor::getAnnotation (6 bytes)
Event: 22,626 Thread 0x00007fce780b7000 nmethod 3648 0x00007fce69b71ed0 code [0x00007fce69b720c0, 0x00007fce69b728c8]
Event: 22,626 Thread 0x00007fce780b7000 3649       3       java.util.jar.JarFile::getManEntry (83 bytes)
Event: 22,627 Thread 0x00007fce780b7000 nmethod 3649 0x00007fce69b75b10 code [0x00007fce69b75d00, 0x00007fce69b76748]
Event: 22,627 Thread 0x00007fce780b4000 nmethod 3650 0x00007fce69b769d0 code [0x00007fce69b76b20, 0x00007fce69b76df8]
Event: 22,839 Thread 0x00007fce780b7000 3651       3       org.sonatype.guice.bean.binders.ElementMerger::visit (6 bytes)
Event: 22,839 Thread 0x00007fce780b7000 nmethod 3651 0x00007fce69b75710 code [0x00007fce69b75880, 0x00007fce69b75a88]
Event: 22,839 Thread 0x00007fce780b7000 3652       3       org.sonatype.guice.bean.binders.ElementMerger::visit (72 bytes)
Event: 22,840 Thread 0x00007fce780b7000 nmethod 3652 0x00007fce69b74b90 code [0x00007fce69b74d60, 0x00007fce69b75508]
Event: 22,841 Thread 0x00007fce780b7000 3653       3       com.google.inject.internal.BindingProcessor::visit (6 bytes)

GC Heap History (10 events):
Event: 5,028 GC heap after
Heap after GC invocations=4 (full 0):
 PSYoungGen      total 32768K, used 2048K [0x00000000ecf80000, 0x00000000ef180000, 0x0000000100000000)
  eden space 30720K, 0% used [0x00000000ecf80000,0x00000000ecf80000,0x00000000eed80000)
  from space 2048K, 100% used [0x00000000eef80000,0x00000000ef180000,0x00000000ef180000)
  to   space 2048K, 0% used [0x00000000eed80000,0x00000000eed80000,0x00000000eef80000)
 ParOldGen       total 39936K, used 5849K [0x00000000c6e00000, 0x00000000c9500000, 0x00000000ecf80000)
  object space 39936K, 14% used [0x00000000c6e00000,0x00000000c73b67f8,0x00000000c9500000)
 Metaspace       used 12437K, capacity 12782K, committed 12928K, reserved 1060864K
  class space    used 1542K, capacity 1657K, committed 1664K, reserved 1048576K
}
Event: 6,661 GC heap before
{Heap before GC invocations=5 (full 0):
 PSYoungGen      total 32768K, used 32768K [0x00000000ecf80000, 0x00000000ef180000, 0x0000000100000000)
  eden space 30720K, 100% used [0x00000000ecf80000,0x00000000eed80000,0x00000000eed80000)
  from space 2048K, 100% used [0x00000000eef80000,0x00000000ef180000,0x00000000ef180000)
  to   space 2048K, 0% used [0x00000000eed80000,0x00000000eed80000,0x00000000eef80000)
 ParOldGen       total 39936K, used 5849K [0x00000000c6e00000, 0x00000000c9500000, 0x00000000ecf80000)
  object space 39936K, 14% used [0x00000000c6e00000,0x00000000c73b67f8,0x00000000c9500000)
 Metaspace       used 13325K, capacity 13674K, committed 13824K, reserved 1060864K
  class space    used 1620K, capacity 1697K, committed 1792K, reserved 1048576K
Event: 6,680 GC heap after
Heap after GC invocations=5 (full 0):
 PSYoungGen      total 32768K, used 2016K [0x00000000ecf80000, 0x00000000f1680000, 0x0000000100000000)
  eden space 30720K, 0% used [0x00000000ecf80000,0x00000000ecf80000,0x00000000eed80000)
  from space 2048K, 98% used [0x00000000eed80000,0x00000000eef78020,0x00000000eef80000)
  to   space 5632K, 0% used [0x00000000f1100000,0x00000000f1100000,0x00000000f1680000)
 ParOldGen       total 39936K, used 8447K [0x00000000c6e00000, 0x00000000c9500000, 0x00000000ecf80000)
  object space 39936K, 21% used [0x00000000c6e00000,0x00000000c763fcd0,0x00000000c9500000)
 Metaspace       used 13325K, capacity 13674K, committed 13824K, reserved 1060864K
  class space    used 1620K, capacity 1697K, committed 1792K, reserved 1048576K
}
Event: 8,319 GC heap before
{Heap before GC invocations=6 (full 0):
 PSYoungGen      total 32768K, used 32736K [0x00000000ecf80000, 0x00000000f1680000, 0x0000000100000000)
  eden space 30720K, 100% used [0x00000000ecf80000,0x00000000eed80000,0x00000000eed80000)
  from space 2048K, 98% used [0x00000000eed80000,0x00000000eef78020,0x00000000eef80000)
  to   space 5632K, 0% used [0x00000000f1100000,0x00000000f1100000,0x00000000f1680000)
 ParOldGen       total 39936K, used 8447K [0x00000000c6e00000, 0x00000000c9500000, 0x00000000ecf80000)
  object space 39936K, 21% used [0x00000000c6e00000,0x00000000c763fcd0,0x00000000c9500000)
 Metaspace       used 13652K, capacity 14012K, committed 14080K, reserved 1060864K
  class space    used 1641K, capacity 1764K, committed 1792K, reserved 1048576K
Event: 8,353 GC heap after
Heap after GC invocations=6 (full 0):
 PSYoungGen      total 67072K, used 3552K [0x00000000ecf80000, 0x00000000f1680000, 0x0000000100000000)
  eden space 61440K, 0% used [0x00000000ecf80000,0x00000000ecf80000,0x00000000f0b80000)
  from space 5632K, 63% used [0x00000000f1100000,0x00000000f1478040,0x00000000f1680000)
  to   space 5632K, 0% used [0x00000000f0b80000,0x00000000f0b80000,0x00000000f1100000)
 ParOldGen       total 39936K, used 8455K [0x00000000c6e00000, 0x00000000c9500000, 0x00000000ecf80000)
  object space 39936K, 21% used [0x00000000c6e00000,0x00000000c7641cd0,0x00000000c9500000)
 Metaspace       used 13652K, capacity 14012K, committed 14080K, reserved 1060864K
  class space    used 1641K, capacity 1764K, committed 1792K, reserved 1048576K
}
Event: 13,636 GC heap before
{Heap before GC invocations=7 (full 0):
 PSYoungGen      total 67072K, used 64992K [0x00000000ecf80000, 0x00000000f1680000, 0x0000000100000000)
  eden space 61440K, 100% used [0x00000000ecf80000,0x00000000f0b80000,0x00000000f0b80000)
  from space 5632K, 63% used [0x00000000f1100000,0x00000000f1478040,0x00000000f1680000)
  to   space 5632K, 0% used [0x00000000f0b80000,0x00000000f0b80000,0x00000000f1100000)
 ParOldGen       total 39936K, used 8455K [0x00000000c6e00000, 0x00000000c9500000, 0x00000000ecf80000)
  object space 39936K, 21% used [0x00000000c6e00000,0x00000000c7641cd0,0x00000000c9500000)
 Metaspace       used 14310K, capacity 14720K, committed 14976K, reserved 1062912K
  class space    used 1693K, capacity 1806K, committed 1920K, reserved 1048576K
Event: 13,657 GC heap after
Heap after GC invocations=7 (full 0):
 PSYoungGen      total 67072K, used 5632K [0x00000000ecf80000, 0x00000000f5480000, 0x0000000100000000)
  eden space 61440K, 0% used [0x00000000ecf80000,0x00000000ecf80000,0x00000000f0b80000)
  from space 5632K, 100% used [0x00000000f0b80000,0x00000000f1100000,0x00000000f1100000)
  to   space 6656K, 0% used [0x00000000f4e00000,0x00000000f4e00000,0x00000000f5480000)
 ParOldGen       total 39936K, used 9240K [0x00000000c6e00000, 0x00000000c9500000, 0x00000000ecf80000)
  object space 39936K, 23% used [0x00000000c6e00000,0x00000000c7706300,0x00000000c9500000)
 Metaspace       used 14310K, capacity 14720K, committed 14976K, reserved 1062912K
  class space    used 1693K, capacity 1806K, committed 1920K, reserved 1048576K
}
Event: 19,501 GC heap before
{Heap before GC invocations=8 (full 0):
 PSYoungGen      total 67072K, used 67063K [0x00000000ecf80000, 0x00000000f5480000, 0x0000000100000000)
  eden space 61440K, 99% used [0x00000000ecf80000,0x00000000f0b7df28,0x00000000f0b80000)
  from space 5632K, 100% used [0x00000000f0b80000,0x00000000f1100000,0x00000000f1100000)
  to   space 6656K, 0% used [0x00000000f4e00000,0x00000000f4e00000,0x00000000f5480000)
 ParOldGen       total 39936K, used 9240K [0x00000000c6e00000, 0x00000000c9500000, 0x00000000ecf80000)
  object space 39936K, 23% used [0x00000000c6e00000,0x00000000c7706300,0x00000000c9500000)
 Metaspace       used 18822K, capacity 19324K, committed 19584K, reserved 1067008K
  class space    used 2262K, capacity 2406K, committed 2432K, reserved 1048576K
Event: 19,533 GC heap after
Heap after GC invocations=8 (full 0):
 PSYoungGen      total 128000K, used 6654K [0x00000000ecf80000, 0x00000000f5780000, 0x0000000100000000)
  eden space 121344K, 0% used [0x00000000ecf80000,0x00000000ecf80000,0x00000000f4600000)
  from space 6656K, 99% used [0x00000000f4e00000,0x00000000f547fa60,0x00000000f5480000)
  to   space 8192K, 0% used [0x00000000f4600000,0x00000000f4600000,0x00000000f4e00000)
 ParOldGen       total 39936K, used 11115K [0x00000000c6e00000, 0x00000000c9500000, 0x00000000ecf80000)
  object space 39936K, 27% used [0x00000000c6e00000,0x00000000c78daf38,0x00000000c9500000)
 Metaspace       used 18822K, capacity 19324K, committed 19584K, reserved 1067008K
  class space    used 2262K, capacity 2406K, committed 2432K, reserved 1048576K
}
Event: 22,902 GC heap before
{Heap before GC invocations=9 (full 0):
 PSYoungGen      total 128000K, used 71425K [0x00000000ecf80000, 0x00000000f5780000, 0x0000000100000000)
  eden space 121344K, 53% used [0x00000000ecf80000,0x00000000f0ec0bd0,0x00000000f4600000)
  from space 6656K, 99% used [0x00000000f4e00000,0x00000000f547fa60,0x00000000f5480000)
  to   space 8192K, 0% used [0x00000000f4600000,0x00000000f4600000,0x00000000f4e00000)
 ParOldGen       total 39936K, used 11115K [0x00000000c6e00000, 0x00000000c9500000, 0x00000000ecf80000)
  object space 39936K, 27% used [0x00000000c6e00000,0x00000000c78daf38,0x00000000c9500000)
 Metaspace       used 20519K, capacity 21166K, committed 21296K, reserved 1069056K
  class space    used 2435K, capacity 2632K, committed 2688K, reserved 1048576K

Deoptimization events (10 events):
Event: 21,605 Thread 0x00007fce7800a000 Uncommon trap: reason=unstable_if action=reinterpret pc=0x00007fce6945239c method=com.sun.tools.javac.util.Name$Table.equals([BI[BII)Z @ 22
Event: 21,815 Thread 0x00007fce7800a000 Uncommon trap: reason=bimorphic action=maybe_recompile pc=0x00007fce6961edbc method=java.util.regex.Pattern$CharProperty.match(Ljava/util/regex/Matcher;ILjava/lang/CharSequence;)Z @ 37
Event: 21,815 Thread 0x00007fce7800a000 Uncommon trap: reason=bimorphic action=maybe_recompile pc=0x00007fce6961edbc method=java.util.regex.Pattern$CharProperty.match(Ljava/util/regex/Matcher;ILjava/lang/CharSequence;)Z @ 37
Event: 21,816 Thread 0x00007fce7800a000 Uncommon trap: reason=bimorphic action=maybe_recompile pc=0x00007fce6961edbc method=java.util.regex.Pattern$CharProperty.match(Ljava/util/regex/Matcher;ILjava/lang/CharSequence;)Z @ 37
Event: 21,817 Thread 0x00007fce7800a000 Uncommon trap: reason=bimorphic action=maybe_recompile pc=0x00007fce6961edbc method=java.util.regex.Pattern$CharProperty.match(Ljava/util/regex/Matcher;ILjava/lang/CharSequence;)Z @ 37
Event: 21,854 Thread 0x00007fce7800a000 Uncommon trap: reason=bimorphic action=maybe_recompile pc=0x00007fce697bd188 method=java.util.HashMap.putVal(ILjava/lang/Object;Ljava/lang/Object;ZZ)Ljava/lang/Object; @ 253
Event: 21,856 Thread 0x00007fce7800a000 Uncommon trap: reason=bimorphic action=maybe_recompile pc=0x00007fce697bd188 method=java.util.HashMap.putVal(ILjava/lang/Object;Ljava/lang/Object;ZZ)Ljava/lang/Object; @ 253
Event: 21,884 Thread 0x00007fce7800a000 Uncommon trap: reason=unstable_if action=reinterpret pc=0x00007fce69425be8 method=com.sun.tools.javac.util.Convert.chars2utf([CI[BII)I @ 35
Event: 22,073 Thread 0x00007fce7800a000 Uncommon trap: reason=unstable_if action=reinterpret pc=0x00007fce69b338d4 method=java.lang.Integer.valueOf(I)Ljava/lang/Integer; @ 3
Event: 22,120 Thread 0x00007fce7800a000 Uncommon trap: reason=unstable_if action=reinterpret pc=0x00007fce69adf250 method=java.util.concurrent.ConcurrentHashMap.putVal(Ljava/lang/Object;Ljava/lang/Object;Z)Ljava/lang/Object; @ 181

Internal exceptions (10 events):
Event: 5,712 Thread 0x00007fce7800a000 Implicit null exception at 0x00007fce691ee5af to 0x00007fce691ee619
Event: 5,914 Thread 0x00007fce7800a000 Implicit null exception at 0x00007fce6951adf9 to 0x00007fce6951b7d9
Event: 7,450 Thread 0x00007fce7800a000 Implicit null exception at 0x00007fce693624fb to 0x00007fce69362ad9
Event: 13,689 Thread 0x00007fce7800a000 Exception <a 'java/lang/NoClassDefFoundError': org/slf4j/Logger> (0x00000000ed11c788) thrown at [/HUDSON3/workspace/8-2-build-linux-amd64/jdk8u101/7261/hotspot/src/share/vm/oops/constantPool.cpp, line 235]
Event: 14,791 Thread 0x00007fce7800a000 Exception <a 'java/lang/NoClassDefFoundError': org/slf4j/Logger> (0x00000000edaa4820) thrown at [/HUDSON3/workspace/8-2-build-linux-amd64/jdk8u101/7261/hotspot/src/share/vm/oops/constantPool.cpp, line 235]
Event: 17,211 Thread 0x00007fce7800a000 Exception <a 'java/lang/NoClassDefFoundError': org/slf4j/Logger> (0x00000000eed9d938) thrown at [/HUDSON3/workspace/8-2-build-linux-amd64/jdk8u101/7261/hotspot/src/share/vm/oops/constantPool.cpp, line 235]
Event: 18,213 Thread 0x00007fce7800a000 Exception <a 'java/lang/ClassNotFoundException': com/sun/tools/javac/api/JavacTool> (0x00000000eeff16f0) thrown at [/HUDSON3/workspace/8-2-build-linux-amd64/jdk8u101/7261/hotspot/src/share/vm/classfile/systemDictionary.cpp, line 210]
Event: 21,358 Thread 0x00007fce7800a000 Exception <a 'java/io/FileNotFoundException'> (0x00000000ef2b86e8) thrown at [/HUDSON3/workspace/8-2-build-linux-amd64/jdk8u101/7261/hotspot/src/share/vm/prims/jni.cpp, line 709]
Event: 21,408 Thread 0x00007fce7800a000 Exception <a 'java/io/FileNotFoundException'> (0x00000000ef2ed0c0) thrown at [/HUDSON3/workspace/8-2-build-linux-amd64/jdk8u101/7261/hotspot/src/share/vm/prims/jni.cpp, line 709]
Event: 22,840 Thread 0x00007fce7800a000 Exception <a 'java/lang/NoClassDefFoundError': org/slf4j/Logger> (0x00000000f0e00938) thrown at [/HUDSON3/workspace/8-2-build-linux-amd64/jdk8u101/7261/hotspot/src/share/vm/oops/constantPool.cpp, line 235]

Events (10 events):
Event: 22,608 loading class org/apache/maven/plugin/Mojo done
Event: 22,608 loading class org/apache/maven/plugin/surefire/HelpMojo
Event: 22,608 loading class org/apache/maven/plugin/surefire/HelpMojo done
Event: 22,608 loading class org/apache/maven/plugin/surefire/HelpMojo
Event: 22,608 loading class org/apache/maven/plugin/surefire/HelpMojo done
Event: 22,608 loading class org/apache/maven/plugin/surefire/HelpMojo
Event: 22,608 loading class org/apache/maven/plugin/surefire/HelpMojo done
Event: 22,608 loading class org/apache/maven/plugin/surefire/HelpMojo
Event: 22,608 loading class org/apache/maven/plugin/surefire/HelpMojo done
Event: 22,902 Executing VM operation: CollectForMetadataAllocation


Dynamic libraries:
00400000-00401000 r-xp 00000000 08:04 1455150                            /usr/local/jdk1.8.0_101/bin/java
00600000-00601000 rw-p 00000000 08:04 1455150                            /usr/local/jdk1.8.0_101/bin/java
00678000-00699000 rw-p 00000000 00:00 0                                  [heap]
c6e00000-c9500000 rw-p 00000000 00:00 0 
c9500000-ecf80000 ---p 00000000 00:00 0 
ecf80000-f5780000 rw-p 00000000 00:00 0 
fa680000-100000000 ---p 00000000 00:00 0 
100000000-1002a0000 rw-p 00000000 00:00 0 
1002a0000-140000000 ---p 00000000 00:00 0 
7fce30000000-7fce30021000 rw-p 00000000 00:00 0 
7fce30021000-7fce34000000 ---p 00000000 00:00 0 
7fce38000000-7fce38021000 rw-p 00000000 00:00 0 
7fce38021000-7fce3c000000 ---p 00000000 00:00 0 
7fce3c000000-7fce3c021000 rw-p 00000000 00:00 0 
7fce3c021000-7fce40000000 ---p 00000000 00:00 0 
7fce40000000-7fce41ec8000 rw-p 00000000 00:00 0 
7fce41ec8000-7fce44000000 ---p 00000000 00:00 0 
7fce44000000-7fce448a6000 rw-p 00000000 00:00 0 
7fce448a6000-7fce48000000 ---p 00000000 00:00 0 
7fce48000000-7fce48021000 rw-p 00000000 00:00 0 
7fce48021000-7fce4c000000 ---p 00000000 00:00 0 
7fce4c000000-7fce4c021000 rw-p 00000000 00:00 0 
7fce4c021000-7fce50000000 ---p 00000000 00:00 0 
7fce50000000-7fce5028d000 rw-p 00000000 00:00 0 
7fce5028d000-7fce54000000 ---p 00000000 00:00 0 
7fce54000000-7fce54021000 rw-p 00000000 00:00 0 
7fce54021000-7fce58000000 ---p 00000000 00:00 0 
7fce58000000-7fce58021000 rw-p 00000000 00:00 0 
7fce58021000-7fce5c000000 ---p 00000000 00:00 0 
7fce60000000-7fce60021000 rw-p 00000000 00:00 0 
7fce60021000-7fce64000000 ---p 00000000 00:00 0 
7fce64061000-7fce6408d000 rw-p 00000000 00:00 0 
7fce6408d000-7fce64261000 ---p 00000000 00:00 0 
7fce64261000-7fce64268000 r--s 00000000 08:04 1443744                    /usr/lib/x86_64-linux-gnu/gconv/gconv-modules.cache
7fce64268000-7fce64289000 r--p 00000000 08:04 1842117                    /usr/share/locale-langpack/pt_BR/LC_MESSAGES/libc.mo
7fce64448000-7fce64449000 r--s 00002000 08:04 528160                     /home/danrley/.m2/repository/org/apache/maven/reporting/maven-reporting-api/2.0.9/maven-reporting-api-2.0.9.jar
7fce64449000-7fce6444c000 r--s 00034000 08:04 793002                     /home/danrley/.m2/repository/org/codehaus/plexus/plexus-utils/2.1/plexus-utils-2.1.jar
7fce6444c000-7fce6444e000 r--s 00006000 08:04 792999                     /home/danrley/.m2/repository/org/apache/maven/shared/maven-common-artifact-filters/1.3/maven-common-artifact-filters-1.3.jar
7fce6444e000-7fce64450000 r--s 0000d000 08:04 1061856                    /home/danrley/.m2/repository/org/apache/maven/surefire/maven-surefire-common/2.10/maven-surefire-common-2.10.jar
7fce64450000-7fce64455000 r--s 00023000 08:04 1061855                    /home/danrley/.m2/repository/org/apache/maven/surefire/surefire-api/2.10/surefire-api-2.10.jar
7fce64455000-7fce64457000 r--s 00007000 08:04 1061854                    /home/danrley/.m2/repository/org/apache/maven/surefire/surefire-booter/2.10/surefire-booter-2.10.jar
7fce64457000-7fce64459000 r--s 00006000 08:04 398752                     /home/danrley/.m2/repository/org/apache/maven/plugins/maven-surefire-plugin/2.10/maven-surefire-plugin-2.10.jar
7fce64459000-7fce64659000 rw-p 00000000 00:00 0 
7fce64659000-7fce64859000 rw-p 00000000 00:00 0 
7fce64859000-7fce648d2000 r--s 010e5000 08:04 1324376                    /usr/local/jdk1.8.0_101/lib/tools.jar
7fce648d2000-7fce648d5000 r--s 0001b000 08:04 1061570                    /home/danrley/.m2/repository/junit/junit/3.8.2/junit-3.8.2.jar
7fce648d5000-7fce648e3000 r--s 0008f000 08:04 1061568                    /home/danrley/.m2/repository/com/google/collections/google-collections/1.0/google-collections-1.0.jar
7fce648e3000-7fce648e4000 r--s 0000a000 08:04 1061566                    /home/danrley/.m2/repository/commons-logging/commons-logging-api/1.1/commons-logging-api-1.1.jar
7fce648e4000-7fce648eb000 r--s 00051000 08:04 1061564                    /home/danrley/.m2/repository/log4j/log4j/1.2.12/log4j-1.2.12.jar
7fce648eb000-7fce648ef000 r--s 0001d000 08:04 1061562                    /home/danrley/.m2/repository/org/apache/xbean/xbean-reflect/3.4/xbean-reflect-3.4.jar
7fce648ef000-7fce648f0000 r--s 00004000 08:04 1061558                    /home/danrley/.m2/repository/org/codehaus/plexus/plexus-compiler-javac/2.2/plexus-compiler-javac-2.2.jar
7fce648f0000-7fce648f2000 r--s 00000000 08:04 1061556                    /home/danrley/.m2/repository/org/codehaus/plexus/plexus-compiler-manager/2.2/plexus-compiler-manager-2.2.jar
7fce648f2000-7fce648f4000 r--s 00005000 08:04 1061554                    /home/danrley/.m2/repository/org/codehaus/plexus/plexus-compiler-api/2.2/plexus-compiler-api-2.2.jar
7fce648f4000-7fce648f6000 r--s 00002000 08:04 671298                     /home/danrley/.m2/repository/org/apache/maven/shared/maven-shared-incremental/1.1/maven-shared-incremental-1.1.jar
7fce648f6000-7fce648f8000 r--s 00006000 08:04 671296                     /home/danrley/.m2/repository/com/google/code/findbugs/jsr305/2.0.1/jsr305-2.0.1.jar
7fce648f8000-7fce648fb000 r--s 00023000 08:04 671294                     /home/danrley/.m2/repository/org/apache/maven/shared/maven-shared-utils/0.1/maven-shared-utils-0.1.jar
7fce648fb000-7fce648ff000 r--s 00030000 08:04 398603                     /home/danrley/.m2/repository/org/codehaus/plexus/plexus-utils/1.5.1/plexus-utils-1.5.1.jar
7fce648ff000-7fce64901000 r--s 00009000 08:04 398063                     /home/danrley/.m2/repository/org/apache/maven/plugins/maven-compiler-plugin/3.1/maven-compiler-plugin-3.1.jar
7fce64901000-7fce64903000 r--s 0000d000 08:04 1838641                    /home/danrley/.m2/repository/org/codehaus/plexus/plexus-interpolation/1.13/plexus-interpolation-1.13.jar
7fce64903000-7fce64904000 r--s 00001000 08:04 1320821                    /home/danrley/.m2/repository/org/sonatype/plexus/plexus-build-api/0.0.4/plexus-build-api-0.0.4.jar
7fce64904000-7fce64906000 r--s 00009000 08:04 1839134                    /home/danrley/.m2/repository/org/apache/maven/shared/maven-filtering/1.0/maven-filtering-1.0.jar
7fce64906000-7fce6490a000 r--s 00033000 08:04 1838637                    /home/danrley/.m2/repository/org/codehaus/plexus/plexus-utils/2.0.5/plexus-utils-2.0.5.jar
7fce6490a000-7fce6490b000 r--s 00001000 08:04 529206                     /home/danrley/.m2/repository/org/apache/maven/doxia/doxia-sink-api/1.0-alpha-7/doxia-sink-api-1.0-alpha-7.jar
7fce6490b000-7fce6490c000 r--s 00002000 08:04 529204                     /home/danrley/.m2/repository/org/apache/maven/reporting/maven-reporting-api/2.0.6/maven-reporting-api-2.0.6.jar
7fce6490c000-7fce6490e000 r--s 00005000 08:04 398746                     /home/danrley/.m2/repository/org/apache/maven/plugins/maven-resources-plugin/2.5/maven-resources-plugin-2.5.jar
7fce6490e000-7fce6491c000 r--s 0007f000 08:04 1447308                    /home/danrley/.m2/repository/commons-collections/commons-collections/3.2.1/commons-collections-3.2.1.jar
7fce6491c000-7fce64921000 r--s 00041000 08:04 1839128                    /home/danrley/.m2/repository/commons-lang/commons-lang/2.6/commons-lang-2.6.jar
7fce64921000-7fce64923000 r--s 00006000 08:04 1061837                    /home/danrley/.m2/repository/org/apache/maven/shared/maven-invoker/2.0.11/maven-invoker-2.0.11.jar
7fce64923000-7fce64925000 r--s 00006000 08:04 792976                     /home/danrley/.m2/repository/org/apache/maven/shared/maven-common-artifact-filters/1.4/maven-common-artifact-filters-1.4.jar
7fce64925000-7fce64927000 r--s 0000c000 08:04 792975                     /home/danrley/.m2/repository/org/apache/maven/shared/maven-dependency-tree/2.0/maven-dependency-tree-2.0.jar
7fce64927000-7fce64929000 r--s 00000000 08:04 1061552                    /home/danrley/.m2/repository/org/codehaus/plexus/plexus-component-annotations/1.5.5/plexus-component-annotations-1.5.5.jar
7fce64929000-7fce6492a000 r--s 0000a000 08:04 1839125                    /home/danrley/.m2/repository/asm/asm/3.3.1/asm-3.3.1.jar
7fce6492a000-7fce6492c000 r--s 00005000 08:04 792974                     /home/danrley/.m2/repository/org/apache/maven/shared/maven-dependency-analyzer/1.3/maven-dependency-analyzer-1.3.jar
7fce6492c000-7fce6492f000 r--s 0000c000 08:04 1839124                    /home/danrley/.m2/repository/org/codehaus/plexus/plexus-io/2.0.6/plexus-io-2.0.6.jar
7fce6492f000-7fce64932000 r--s 0001b000 08:04 529212                     /home/danrley/.m2/repository/junit/junit/3.8.1/junit-3.8.1.jar
7fce64932000-7fce64934000 r--s 00008000 08:04 792677                     /home/danrley/.m2/repository/org/apache/maven/shared/maven-shared-io/1.1/maven-shared-io-1.1.jar
7fce64934000-7fce64936000 r--s 00008000 08:04 792676                     /home/danrley/.m2/repository/org/apache/maven/shared/file-management/1.2.1/file-management-1.2.1.jar
7fce64936000-7fce6493a000 r--s 00035000 08:04 792470                     /home/danrley/.m2/repository/org/codehaus/plexus/plexus-utils/3.0.9/plexus-utils-3.0.9.jar
7fce6493a000-7fce6493f000 r--s 00029000 08:04 1587024                    /home/danrley/.m2/repository/org/codehaus/plexus/plexus-archiver/2.2/plexus-archiver-2.2.jar
7fce6493f000-7fce64941000 r--s 00004000 08:04 792471                     /home/danrley/.m2/repository/org/apache/maven/doxia/doxia-module-xhtml/1.0/doxia-module-xhtml-1.0.jar
7fce64941000-7fce64942000 r--s 00006000 08:04 792469                     /home/danrley/.m2/repository/org/apache/maven/doxia/doxia-module-xdoc/1.0/doxia-module-xdoc-1.0.jar
7fce64942000-7fce64943000 r--s 00004000 08:04 792465                     /home/danrley/.m2/repository/org/apache/maven/doxia/doxia-module-fml/1.0/doxia-module-fml-1.0.jar
7fce64943000-7fce64945000 r--s 0000a000 08:04 792464                     /home/danrley/.m2/repository/org/apache/maven/doxia/doxia-module-apt/1.0/doxia-module-apt-1.0.jar
7fce64945000-7fce64946000 r--s 0000b000 08:04 671470                     /home/danrley/.m2/repository/org/apache/maven/doxia/doxia-decoration-model/1.0/doxia-decoration-model-1.0.jar
7fce64946000-7fce6494e000 r--s 00058000 08:04 1712897                    /home/danrley/.m2/repository/org/apache/velocity/velocity/1.5/velocity-1.5.jar
7fce6494e000-7fce6494f000 r--s 00001000 08:04 1317962                    /home/danrley/.m2/repository/org/codehaus/plexus/plexus-velocity/1.1.7/plexus-velocity-1.1.7.jar
7fce6494f000-7fce64950000 r--s 00002000 08:04 398790                     /home/danrley/.m2/repository/org/codehaus/plexus/plexus-i18n/1.0-beta-7/plexus-i18n-1.0-beta-7.jar
7fce64950000-7fce64952000 r--s 0000a000 08:04 528158                     /home/danrley/.m2/repository/org/apache/maven/doxia/doxia-site-renderer/1.0/doxia-site-renderer-1.0.jar
7fce64952000-7fce64953000 r--s 00002000 08:04 528147                     /home/danrley/.m2/repository/org/apache/maven/doxia/doxia-sink-api/1.0/doxia-sink-api-1.0.jar
7fce64953000-7fce64958000 r--s 00016000 08:04 1451408                    /home/danrley/.m2/repository/xml-apis/xml-apis/1.0.b2/xml-apis-1.0.b2.jar
7fce64958000-7fce6495a000 r--s 0000e000 08:04 1839042                    /home/danrley/.m2/repository/oro/oro/2.0.8/oro-2.0.8.jar
7fce6495a000-7fce6495c000 r--s 00008000 08:04 1839122                    /home/danrley/.m2/repository/commons-logging/commons-logging/1.0.4/commons-logging-1.0.4.jar
7fce6495c000-7fce64960000 r--s 00026000 08:04 792463                     /home/danrley/.m2/repository/commons-digester/commons-digester/1.6/commons-digester-1.6.jar
7fce64960000-7fce64965000 r--s 0002a000 08:04 792462                     /home/danrley/.m2/repository/commons-beanutils/commons-beanutils/1.7.0/commons-beanutils-1.7.0.jar
7fce64965000-7fce64b65000 rw-p 00000000 00:00 0 
7fce64b65000-7fce64b76000 r-xp 00000000 08:04 2237402                    /usr/local/jdk1.8.0_101/jre/lib/amd64/libnio.so
7fce64b76000-7fce64d75000 ---p 00011000 08:04 2237402                    /usr/local/jdk1.8.0_101/jre/lib/amd64/libnio.so
7fce64d75000-7fce64d76000 rw-p 00010000 08:04 2237402                    /usr/local/jdk1.8.0_101/jre/lib/amd64/libnio.so
7fce64d76000-7fce65077000 rw-p 00000000 00:00 0 
7fce65077000-7fce6508d000 r-xp 00000000 08:04 2237403                    /usr/local/jdk1.8.0_101/jre/lib/amd64/libnet.so
7fce6508d000-7fce6528d000 ---p 00016000 08:04 2237403                    /usr/local/jdk1.8.0_101/jre/lib/amd64/libnet.so
7fce6528d000-7fce6528e000 rw-p 00016000 08:04 2237403                    /usr/local/jdk1.8.0_101/jre/lib/amd64/libnet.so
7fce6528e000-7fce65291000 ---p 00000000 00:00 0 
7fce65291000-7fce654c7000 rw-p 00000000 00:00 0 
7fce654c7000-7fce656c7000 rw-p 00000000 00:00 0 
7fce656c7000-7fce656c8000 ---p 00000000 00:00 0 
7fce656c8000-7fce657c8000 rw-p 00000000 00:00 0 
7fce657c8000-7fce657cb000 ---p 00000000 00:00 0 
7fce657cb000-7fce658c9000 rw-p 00000000 00:00 0 
7fce658c9000-7fce658cc000 ---p 00000000 00:00 0 
7fce658cc000-7fce659ca000 rw-p 00000000 00:00 0 
7fce659ca000-7fce659cd000 ---p 00000000 00:00 0 
7fce659cd000-7fce65acb000 rw-p 00000000 00:00 0 
7fce65acb000-7fce65ace000 ---p 00000000 00:00 0 
7fce65ace000-7fce65bcc000 rw-p 00000000 00:00 0 
7fce65bcc000-7fce6658b000 r--p 00000000 08:04 1187895                    /usr/lib/locale/locale-archive
7fce6658b000-7fce6658e000 ---p 00000000 00:00 0 
7fce6658e000-7fce6668c000 rw-p 00000000 00:00 0 
7fce6668c000-7fce6668f000 ---p 00000000 00:00 0 
7fce6668f000-7fce6678d000 rw-p 00000000 00:00 0 
7fce6678d000-7fce6678e000 ---p 00000000 00:00 0 
7fce6678e000-7fce67197000 rw-p 00000000 00:00 0 
7fce67197000-7fce67370000 r--s 03d29000 08:04 1594273                    /usr/local/jdk1.8.0_101/jre/lib/rt.jar
7fce67370000-7fce69000000 rw-p 00000000 00:00 0 
7fce69000000-7fce69b80000 rwxp 00000000 00:00 0 
7fce69b80000-7fce78000000 ---p 00000000 00:00 0 
7fce78000000-7fce78e19000 rw-p 00000000 00:00 0 
7fce78e19000-7fce7c000000 ---p 00000000 00:00 0 
7fce7c000000-7fce7c003000 r--s 00014000 08:04 792290                     /home/danrley/.m2/repository/commons-validator/commons-validator/1.2.0/commons-validator-1.2.0.jar
7fce7c003000-7fce7c006000 r--s 00018000 08:04 1712920                    /home/danrley/.m2/repository/commons-io/commons-io/1.4/commons-io-1.4.jar
7fce7c006000-7fce7c008000 r--s 00009000 08:04 792452                     /home/danrley/.m2/repository/org/apache/maven/shared/maven-doxia-tools/1.0.2/maven-doxia-tools-1.0.2.jar
7fce7c008000-7fce7c00b000 r--s 0000b000 08:04 528133                     /home/danrley/.m2/repository/org/apache/maven/doxia/doxia-core/1.0/doxia-core-1.0.jar
7fce7c00b000-7fce7c00d000 r--s 00004000 08:04 528134                     /home/danrley/.m2/repository/org/apache/maven/reporting/maven-reporting-impl/2.0.5/maven-reporting-impl-2.0.5.jar
7fce7c00d000-7fce7c00e000 r--s 00002000 08:04 528121                     /home/danrley/.m2/repository/org/apache/maven/reporting/maven-reporting-api/3.0/maven-reporting-api-3.0.jar
7fce7c00e000-7fce7c010000 r--s 00002000 08:04 671335                     /home/danrley/.m2/repository/org/codehaus/plexus/plexus-interactivity-api/1.0-alpha-4/plexus-interactivity-api-1.0-alpha-4.jar
7fce7c010000-7fce7c012000 r--s 00006000 08:04 671331                     /home/danrley/.m2/repository/commons-cli/commons-cli/1.0/commons-cli-1.0.jar
7fce7c012000-7fce7c015000 r--s 00021000 08:04 671425                     /home/danrley/.m2/repository/org/apache/maven/plugins/maven-dependency-plugin/2.6/maven-dependency-plugin-2.6.jar
7fce7c015000-7fce7c016000 r--p 00000000 00:00 0 
7fce7c016000-7fce7c01a000 r--s 00097000 08:04 1594269                    /usr/local/jdk1.8.0_101/jre/lib/jsse.jar
7fce7c01a000-7fce7c01c000 r--s 0000c000 08:04 1325660                    /usr/local/netbeans-8.1/java/maven-nblib/netbeans-eventspy.jar
7fce7c01c000-7fce7c03b000 r--s 00154000 08:04 1325678                    /usr/local/netbeans-8.1/java/maven/lib/sisu-guava-0.9.9.jar
7fce7c03b000-7fce7c03d000 r--s 0000b000 08:04 1325650                    /usr/local/netbeans-8.1/java/maven/lib/maven-artifact-3.0.5.jar
7fce7c03d000-7fce7c03f000 r--s 00006000 08:04 1325441                    /usr/local/netbeans-8.1/java/maven/lib/maven-repository-metadata-3.0.5.jar
7fce7c03f000-7fce7c042000 r--s 0001d000 08:04 1325664                    /usr/local/netbeans-8.1/java/maven/lib/aether-impl-1.13.1.jar
7fce7c042000-7fce7c044000 r--s 0000c000 08:04 1325554                    /usr/local/netbeans-8.1/java/maven/lib/maven-aether-provider-3.0.5.jar
7fce7c044000-7fce7c046000 r--s 0000a000 08:04 1325652                    /usr/local/netbeans-8.1/java/maven/lib/maven-settings-3.0.5.jar
7fce7c046000-7fce7c050000 r--s 00116000 08:04 2237351                    /usr/local/jdk1.8.0_101/jre/lib/ext/localedata.jar
7fce7c050000-7fce7c054000 r--s 00013000 08:04 1325671                    /usr/local/netbeans-8.1/java/maven/lib/aether-api-1.13.1.jar
7fce7c054000-7fce7c05a000 r--s 0003f000 08:04 1325666                    /usr/local/netbeans-8.1/java/maven/lib/maven-compat-3.0.5.jar
7fce7c05a000-7fce7c062000 r--s 00050000 08:04 1325623                    /usr/local/netbeans-8.1/java/maven/lib/sisu-guice-3.1.0-no_aop.jar
7fce7c062000-7fce7c066000 r--s 00021000 08:04 1325589                    /usr/local/netbeans-8.1/java/maven/lib/maven-model-builder-3.0.5.jar
7fce7c066000-7fce7c068000 r--s 0000b000 08:04 1325635                    /usr/local/netbeans-8.1/java/maven/lib/wagon-provider-api-2.4.jar
7fce7c068000-7fce7c069000 r--s 00003000 08:04 1325672                    /usr/local/netbeans-8.1/java/maven/lib/aether-spi-1.13.1.jar
7fce7c069000-7fce7c06b000 r--s 00026000 08:04 1325669                    /usr/local/netbeans-8.1/java/maven/lib/maven-model-3.0.5.jar
7fce7c06b000-7fce7c077000 r--s 0007d000 08:04 1325677                    /usr/local/netbeans-8.1/java/maven/lib/maven-core-3.0.5.jar
7fce7c077000-7fce7c079000 r--s 00006000 08:04 1325507                    /usr/local/netbeans-8.1/java/maven/lib/aether-connector-wagon-1.13.1.jar
7fce7c079000-7fce7c07c000 r--s 00008000 08:04 1325536                    /usr/local/netbeans-8.1/java/maven/lib/maven-settings-builder-3.0.5.jar
7fce7c07c000-7fce7c07e000 r--s 0000b000 08:04 1325636                    /usr/local/netbeans-8.1/java/maven/lib/maven-plugin-api-3.0.5.jar
7fce7c07e000-7fce7c085000 r--s 0003f000 08:04 1325637                    /usr/local/netbeans-8.1/java/maven/lib/sisu-inject-bean-2.3.0.jar
7fce7c085000-7fce7c087000 r--s 0000d000 08:04 1325593                    /usr/local/netbeans-8.1/java/maven/lib/plexus-interpolation-1.14.jar
7fce7c087000-7fce7c088000 r--s 0000a000 08:04 1325651                    /usr/local/netbeans-8.1/java/maven/lib/maven-embedder-3.0.5.jar
7fce7c088000-7fce7c08a000 r--s 00009000 08:04 1325680                    /usr/local/netbeans-8.1/java/maven/lib/commons-cli-1.2.jar
7fce7c08a000-7fce7c0a5000 r--s 000e4000 08:04 1325645                    /usr/local/netbeans-8.1/java/maven/lib/wagon-http-2.4-shaded.jar
7fce7c0a5000-7fce7c0d3000 r--s 001c9000 08:04 1325592                    /usr/local/netbeans-8.1/java/maven/lib/ext/wagon-http-2.8-shaded.jar
7fce7c0d3000-7fce7cb82000 rw-p 00000000 00:00 0 
7fce7cb82000-7fce7cb83000 ---p 00000000 00:00 0 
7fce7cb83000-7fce7cc83000 rw-p 00000000 00:00 0 
7fce7cc83000-7fce7cc84000 ---p 00000000 00:00 0 
7fce7cc84000-7fce7cd98000 rw-p 00000000 00:00 0 
7fce7cd98000-7fce7ceb5000 ---p 00000000 00:00 0 
7fce7ceb5000-7fce7cec9000 rw-p 00000000 00:00 0 
7fce7cec9000-7fce7cfe5000 ---p 00000000 00:00 0 
7fce7cfe5000-7fce7d02a000 rw-p 00000000 00:00 0 
7fce7d02a000-7fce7d07e000 ---p 00000000 00:00 0 
7fce7d07e000-7fce7d0ad000 rw-p 00000000 00:00 0 
7fce7d0ad000-7fce7d43f000 ---p 00000000 00:00 0 
7fce7d43f000-7fce7d459000 r-xp 00000000 08:04 2237401                    /usr/local/jdk1.8.0_101/jre/lib/amd64/libzip.so
7fce7d459000-7fce7d659000 ---p 0001a000 08:04 2237401                    /usr/local/jdk1.8.0_101/jre/lib/amd64/libzip.so
7fce7d659000-7fce7d65a000 rw-p 0001a000 08:04 2237401                    /usr/local/jdk1.8.0_101/jre/lib/amd64/libzip.so
7fce7d65a000-7fce7d665000 r-xp 00000000 08:04 1840251                    /lib/x86_64-linux-gnu/libnss_files-2.23.so
7fce7d665000-7fce7d864000 ---p 0000b000 08:04 1840251                    /lib/x86_64-linux-gnu/libnss_files-2.23.so
7fce7d864000-7fce7d865000 r--p 0000a000 08:04 1840251                    /lib/x86_64-linux-gnu/libnss_files-2.23.so
7fce7d865000-7fce7d866000 rw-p 0000b000 08:04 1840251                    /lib/x86_64-linux-gnu/libnss_files-2.23.so
7fce7d866000-7fce7d86c000 rw-p 00000000 00:00 0 
7fce7d86c000-7fce7d877000 r-xp 00000000 08:04 1840261                    /lib/x86_64-linux-gnu/libnss_nis-2.23.so
7fce7d877000-7fce7da76000 ---p 0000b000 08:04 1840261                    /lib/x86_64-linux-gnu/libnss_nis-2.23.so
7fce7da76000-7fce7da77000 r--p 0000a000 08:04 1840261                    /lib/x86_64-linux-gnu/libnss_nis-2.23.so
7fce7da77000-7fce7da78000 rw-p 0000b000 08:04 1840261                    /lib/x86_64-linux-gnu/libnss_nis-2.23.so
7fce7da78000-7fce7da8e000 r-xp 00000000 08:04 1840245                    /lib/x86_64-linux-gnu/libnsl-2.23.so
7fce7da8e000-7fce7dc8d000 ---p 00016000 08:04 1840245                    /lib/x86_64-linux-gnu/libnsl-2.23.so
7fce7dc8d000-7fce7dc8e000 r--p 00015000 08:04 1840245                    /lib/x86_64-linux-gnu/libnsl-2.23.so
7fce7dc8e000-7fce7dc8f000 rw-p 00016000 08:04 1840245                    /lib/x86_64-linux-gnu/libnsl-2.23.so
7fce7dc8f000-7fce7dc91000 rw-p 00000000 00:00 0 
7fce7dc91000-7fce7dc99000 r-xp 00000000 08:04 1840247                    /lib/x86_64-linux-gnu/libnss_compat-2.23.so
7fce7dc99000-7fce7de98000 ---p 00008000 08:04 1840247                    /lib/x86_64-linux-gnu/libnss_compat-2.23.so
7fce7de98000-7fce7de99000 r--p 00007000 08:04 1840247                    /lib/x86_64-linux-gnu/libnss_compat-2.23.so
7fce7de99000-7fce7de9a000 rw-p 00008000 08:04 1840247                    /lib/x86_64-linux-gnu/libnss_compat-2.23.so
7fce7de9a000-7fce7dec4000 r-xp 00000000 08:04 2237378                    /usr/local/jdk1.8.0_101/jre/lib/amd64/libjava.so
7fce7dec4000-7fce7e0c4000 ---p 0002a000 08:04 2237378                    /usr/local/jdk1.8.0_101/jre/lib/amd64/libjava.so
7fce7e0c4000-7fce7e0c6000 rw-p 0002a000 08:04 2237378                    /usr/local/jdk1.8.0_101/jre/lib/amd64/libjava.so
7fce7e0c6000-7fce7e0d3000 r-xp 00000000 08:04 2237348                    /usr/local/jdk1.8.0_101/jre/lib/amd64/libverify.so
7fce7e0d3000-7fce7e2d3000 ---p 0000d000 08:04 2237348                    /usr/local/jdk1.8.0_101/jre/lib/amd64/libverify.so
7fce7e2d3000-7fce7e2d5000 rw-p 0000d000 08:04 2237348                    /usr/local/jdk1.8.0_101/jre/lib/amd64/libverify.so
7fce7e2d5000-7fce7e2dc000 r-xp 00000000 08:04 1840306                    /lib/x86_64-linux-gnu/librt-2.23.so
7fce7e2dc000-7fce7e4db000 ---p 00007000 08:04 1840306                    /lib/x86_64-linux-gnu/librt-2.23.so
7fce7e4db000-7fce7e4dc000 r--p 00006000 08:04 1840306                    /lib/x86_64-linux-gnu/librt-2.23.so
7fce7e4dc000-7fce7e4dd000 rw-p 00007000 08:04 1840306                    /lib/x86_64-linux-gnu/librt-2.23.so
7fce7e4dd000-7fce7e5e5000 r-xp 00000000 08:04 1840222                    /lib/x86_64-linux-gnu/libm-2.23.so
7fce7e5e5000-7fce7e7e4000 ---p 00108000 08:04 1840222                    /lib/x86_64-linux-gnu/libm-2.23.so
7fce7e7e4000-7fce7e7e5000 r--p 00107000 08:04 1840222                    /lib/x86_64-linux-gnu/libm-2.23.so
7fce7e7e5000-7fce7e7e6000 rw-p 00108000 08:04 1840222                    /lib/x86_64-linux-gnu/libm-2.23.so
7fce7e7e6000-7fce7f4b1000 r-xp 00000000 08:04 2237304                    /usr/local/jdk1.8.0_101/jre/lib/amd64/server/libjvm.so
7fce7f4b1000-7fce7f6b0000 ---p 00ccb000 08:04 2237304                    /usr/local/jdk1.8.0_101/jre/lib/amd64/server/libjvm.so
7fce7f6b0000-7fce7f789000 rw-p 00cca000 08:04 2237304                    /usr/local/jdk1.8.0_101/jre/lib/amd64/server/libjvm.so
7fce7f789000-7fce7f7d4000 rw-p 00000000 00:00 0 
7fce7f7d4000-7fce7f994000 r-xp 00000000 08:04 1840152                    /lib/x86_64-linux-gnu/libc-2.23.so
7fce7f994000-7fce7fb93000 ---p 001c0000 08:04 1840152                    /lib/x86_64-linux-gnu/libc-2.23.so
7fce7fb93000-7fce7fb97000 r--p 001bf000 08:04 1840152                    /lib/x86_64-linux-gnu/libc-2.23.so
7fce7fb97000-7fce7fb99000 rw-p 001c3000 08:04 1840152                    /lib/x86_64-linux-gnu/libc-2.23.so
7fce7fb99000-7fce7fb9d000 rw-p 00000000 00:00 0 
7fce7fb9d000-7fce7fba0000 r-xp 00000000 08:04 1840176                    /lib/x86_64-linux-gnu/libdl-2.23.so
7fce7fba0000-7fce7fd9f000 ---p 00003000 08:04 1840176                    /lib/x86_64-linux-gnu/libdl-2.23.so
7fce7fd9f000-7fce7fda0000 r--p 00002000 08:04 1840176                    /lib/x86_64-linux-gnu/libdl-2.23.so
7fce7fda0000-7fce7fda1000 rw-p 00003000 08:04 1840176                    /lib/x86_64-linux-gnu/libdl-2.23.so
7fce7fda1000-7fce7fdb6000 r-xp 00000000 08:04 1324364                    /usr/local/jdk1.8.0_101/lib/amd64/jli/libjli.so
7fce7fdb6000-7fce7ffb6000 ---p 00015000 08:04 1324364                    /usr/local/jdk1.8.0_101/lib/amd64/jli/libjli.so
7fce7ffb6000-7fce7ffb7000 rw-p 00015000 08:04 1324364                    /usr/local/jdk1.8.0_101/lib/amd64/jli/libjli.so
7fce7ffb7000-7fce7ffcf000 r-xp 00000000 08:04 1840298                    /lib/x86_64-linux-gnu/libpthread-2.23.so
7fce7ffcf000-7fce801ce000 ---p 00018000 08:04 1840298                    /lib/x86_64-linux-gnu/libpthread-2.23.so
7fce801ce000-7fce801cf000 r--p 00017000 08:04 1840298                    /lib/x86_64-linux-gnu/libpthread-2.23.so
7fce801cf000-7fce801d0000 rw-p 00018000 08:04 1840298                    /lib/x86_64-linux-gnu/libpthread-2.23.so
7fce801d0000-7fce801d4000 rw-p 00000000 00:00 0 
7fce801d4000-7fce801fa000 r-xp 00000000 08:04 1840124                    /lib/x86_64-linux-gnu/ld-2.23.so
7fce801fa000-7fce801fb000 r--s 00002000 08:04 1325682                    /usr/local/netbeans-8.1/java/maven/lib/wagon-file-2.4.jar
7fce801fb000-7fce801fd000 r--s 00000000 08:04 1324937                    /usr/local/netbeans-8.1/java/maven/lib/plexus-component-annotations-1.5.5.jar
7fce801fd000-7fce801fe000 r--s 00006000 08:04 1325590                    /usr/local/netbeans-8.1/java/maven/lib/plexus-sec-dispatcher-1.3.jar
7fce801fe000-7fce80202000 r--s 00033000 08:04 1325663                    /usr/local/netbeans-8.1/java/maven/lib/plexus-utils-2.0.6.jar
7fce80202000-7fce80204000 r--s 00002000 08:04 1325670                    /usr/local/netbeans-8.1/java/maven/lib/plexus-cipher-1.7.jar
7fce80204000-7fce802db000 rw-p 00000000 00:00 0 
7fce802db000-7fce802de000 ---p 00000000 00:00 0 
7fce802de000-7fce803e0000 rw-p 00000000 00:00 0 
7fce803e0000-7fce803e7000 r--s 0002b000 08:04 1325612                    /usr/local/netbeans-8.1/java/maven/lib/sisu-inject-plexus-2.3.0.jar
7fce803e7000-7fce803eb000 r--s 0001c000 08:04 1325665                    /usr/local/netbeans-8.1/java/maven/lib/aether-util-1.13.1.jar
7fce803eb000-7fce803ed000 r--s 0000a000 08:04 1325625                    /usr/local/netbeans-8.1/java/maven/boot/plexus-classworlds-2.4.jar
7fce803ed000-7fce803f5000 rw-s 00000000 08:04 524619                     /tmp/hsperfdata_danrley/3799
7fce803f5000-7fce803f6000 rw-p 00000000 00:00 0 
7fce803f6000-7fce803f7000 ---p 00000000 00:00 0 
7fce803f7000-7fce803f9000 rw-p 00000000 00:00 0 
7fce803f9000-7fce803fa000 r--p 00025000 08:04 1840124                    /lib/x86_64-linux-gnu/ld-2.23.so
7fce803fa000-7fce803fb000 rw-p 00026000 08:04 1840124                    /lib/x86_64-linux-gnu/ld-2.23.so
7fce803fb000-7fce803fc000 rw-p 00000000 00:00 0 
7ffec34bf000-7ffec34e0000 rw-p 00000000 00:00 0                          [stack]
7ffec3555000-7ffec3557000 r--p 00000000 00:00 0                          [vvar]
7ffec3557000-7ffec3559000 r-xp 00000000 00:00 0                          [vdso]
ffffffffff600000-ffffffffff601000 r-xp 00000000 00:00 0                  [vsyscall]

VM Arguments:
jvm_args: -Dclassworlds.conf=/usr/local/netbeans-8.1/java/maven/bin/m2.conf -Dmaven.home=/usr/local/netbeans-8.1/java/maven 
java_command: org.codehaus.plexus.classworlds.launcher.Launcher -Dmaven.ext.class.path=/usr/local/netbeans-8.1/java/maven-nblib/netbeans-eventspy.jar install
java_class_path (initial): /usr/local/netbeans-8.1/java/maven/boot/plexus-classworlds-2.4.jar
Launcher Type: SUN_STANDARD

Environment Variables:
JAVA_HOME=/usr/local/jdk1.8.0_101
PATH=/home/danrley/bin:/home/danrley/.local/bin:/usr/local/sbin:/usr/local/bin:/usr/sbin:/usr/bin:/sbin:/bin:/usr/games:/usr/local/games:/snap/bin
LD_LIBRARY_PATH=/usr/local/jdk1.8.0_101/jre/lib/amd64:/usr/local/jdk1.8.0_101/jre/lib/i386:
SHELL=/bin/bash
DISPLAY=:0

Signal Handlers:
SIGSEGV: [libjvm.so+0xac4790], sa_mask[0]=11111111011111111101111111111110, sa_flags=SA_RESTART|SA_SIGINFO
SIGBUS: [libjvm.so+0xac4790], sa_mask[0]=11111111011111111101111111111110, sa_flags=SA_RESTART|SA_SIGINFO
SIGFPE: [libjvm.so+0x91f140], sa_mask[0]=11111111011111111101111111111110, sa_flags=SA_RESTART|SA_SIGINFO
SIGPIPE: [libjvm.so+0x91f140], sa_mask[0]=11111111011111111101111111111110, sa_flags=SA_RESTART|SA_SIGINFO
SIGXFSZ: [libjvm.so+0x91f140], sa_mask[0]=11111111011111111101111111111110, sa_flags=SA_RESTART|SA_SIGINFO
SIGILL: [libjvm.so+0x91f140], sa_mask[0]=11111111011111111101111111111110, sa_flags=SA_RESTART|SA_SIGINFO
SIGUSR1: SIG_DFL, sa_mask[0]=00000000000000000000000000000000, sa_flags=none
SIGUSR2: [libjvm.so+0x920770], sa_mask[0]=00100000000000000000000000000000, sa_flags=SA_RESTART|SA_SIGINFO
SIGHUP: [libjvm.so+0x921b70], sa_mask[0]=11111111011111111101111111111110, sa_flags=SA_RESTART|SA_SIGINFO
SIGINT: SIG_IGN, sa_mask[0]=00000000000000000000000000000000, sa_flags=none
SIGTERM: [libjvm.so+0x921b70], sa_mask[0]=11111111011111111101111111111110, sa_flags=SA_RESTART|SA_SIGINFO
SIGQUIT: [libjvm.so+0x921b70], sa_mask[0]=11111111011111111101111111111110, sa_flags=SA_RESTART|SA_SIGINFO


---------------  S Y S T E M  ---------------

OS:DISTRIB_ID=Ubuntu
DISTRIB_RELEASE=16.04
DISTRIB_CODENAME=xenial
DISTRIB_DESCRIPTION="Ubuntu 16.04.1 LTS"

uname:Linux 4.4.0-42-generic #62-Ubuntu SMP Fri Oct 7 23:11:45 UTC 2016 x86_64
libc:glibc 2.23 NPTL 2.23 
rlimit: STACK 8192k, CORE 0k, NPROC 14288, NOFILE 65536, AS infinity
load average:1,33 1,08 0,88

/proc/meminfo:
MemTotal:        3740444 kB
MemFree:          101592 kB
MemAvailable:      19016 kB
Buffers:            1724 kB
Cached:           220616 kB
SwapCached:            0 kB
Active:          3284700 kB
Inactive:         192020 kB
Active(anon):    3269332 kB
Inactive(anon):   165748 kB
Active(file):      15368 kB
Inactive(file):    26272 kB
Unevictable:         160 kB
Mlocked:             160 kB
SwapTotal:             0 kB
SwapFree:              0 kB
Dirty:               472 kB
Writeback:             0 kB
AnonPages:       3254644 kB
Mapped:            88400 kB
Shmem:            180640 kB
Slab:              61148 kB
SReclaimable:      28308 kB
SUnreclaim:        32840 kB
KernelStack:       10000 kB
PageTables:        41536 kB
NFS_Unstable:          0 kB
Bounce:                0 kB
WritebackTmp:          0 kB
CommitLimit:     1870220 kB
Committed_AS:    7158520 kB
VmallocTotal:   34359738367 kB
VmallocUsed:           0 kB
VmallocChunk:          0 kB
HardwareCorrupted:     0 kB
AnonHugePages:   1415168 kB
CmaTotal:              0 kB
CmaFree:               0 kB
HugePages_Total:       0
HugePages_Free:        0
HugePages_Rsvd:        0
HugePages_Surp:        0
Hugepagesize:       2048 kB
DirectMap4k:      125876 kB
DirectMap2M:     3758080 kB
DirectMap1G:           0 kB


CPU:total 2 (2 cores per cpu, 1 threads per core) family 6 model 69 stepping 1, cmov, cx8, fxsr, mmx, sse, sse2, sse3, ssse3, sse4.1, sse4.2, popcnt, clmul, erms, lzcnt, tsc, tscinvbit

/proc/cpuinfo:
processor	: 0
vendor_id	: GenuineIntel
cpu family	: 6
model		: 69
model name	: Intel(R) Celeron(R) 2957U @ 1.40GHz
stepping	: 1
microcode	: 0x1d
cpu MHz		: 1400.000
cache size	: 2048 KB
physical id	: 0
siblings	: 2
core id		: 0
cpu cores	: 2
apicid		: 0
initial apicid	: 0
fpu		: yes
fpu_exception	: yes
cpuid level	: 13
wp		: yes
flags		: fpu vme de pse tsc msr pae mce cx8 apic sep mtrr pge mca cmov pat pse36 clflush dts acpi mmx fxsr sse sse2 ss ht tm pbe syscall nx pdpe1gb rdtscp lm constant_tsc arch_perfmon pebs bts rep_good nopl xtopology nonstop_tsc aperfmperf eagerfpu pni pclmulqdq dtes64 monitor ds_cpl vmx est tm2 ssse3 sdbg cx16 xtpr pdcm pcid sse4_1 sse4_2 movbe popcnt tsc_deadline_timer xsave rdrand lahf_lm abm epb tpr_shadow vnmi flexpriority ept vpid fsgsbase tsc_adjust erms invpcid xsaveopt dtherm arat pln pts
bugs		:
bogomips	: 2793.59
clflush size	: 64
cache_alignment	: 64
address sizes	: 39 bits physical, 48 bits virtual
power management:

processor	: 1
vendor_id	: GenuineIntel
cpu family	: 6
model		: 69
model name	: Intel(R) Celeron(R) 2957U @ 1.40GHz
stepping	: 1
microcode	: 0x1d
cpu MHz		: 1400.109
cache size	: 2048 KB
physical id	: 0
siblings	: 2
core id		: 1
cpu cores	: 2
apicid		: 2
initial apicid	: 2
fpu		: yes
fpu_exception	: yes
cpuid level	: 13
wp		: yes
flags		: fpu vme de pse tsc msr pae mce cx8 apic sep mtrr pge mca cmov pat pse36 clflush dts acpi mmx fxsr sse sse2 ss ht tm pbe syscall nx pdpe1gb rdtscp lm constant_tsc arch_perfmon pebs bts rep_good nopl xtopology nonstop_tsc aperfmperf eagerfpu pni pclmulqdq dtes64 monitor ds_cpl vmx est tm2 ssse3 sdbg cx16 xtpr pdcm pcid sse4_1 sse4_2 movbe popcnt tsc_deadline_timer xsave rdrand lahf_lm abm epb tpr_shadow vnmi flexpriority ept vpid fsgsbase tsc_adjust erms invpcid xsaveopt dtherm arat pln pts
bugs		:
bogomips	: 2793.59
clflush size	: 64
cache_alignment	: 64
address sizes	: 39 bits physical, 48 bits virtual
power management:



Memory: 4k page, physical 3740444k(101592k free), swap 0k(0k free)

vm_info: Java HotSpot(TM) 64-Bit Server VM (25.101-b13) for linux-amd64 JRE (1.8.0_101-b13), built on Jun 22 2016 02:59:44 by "java_re" with gcc 4.3.0 20080428 (Red Hat 4.3.0-8)

time: Thu Oct 20 14:10:16 2016
elapsed time: 24 seconds (0d 0h 0m 24s)

